<?xml version="1.0" encoding="UTF-8"?>
<testsuite xmlns:xsi="http://www.w3.org/2001/XMLSchema-instance" xsi:noNamespaceSchemaLocation="https://maven.apache.org/surefire/maven-surefire-plugin/xsd/surefire-test-report-3.0.xsd" version="3.0" name="TestSuite" time="8.052" tests="11" errors="0" skipped="0" failures="0">
  <properties>
[...]
</properties>
  <testcase name="testPostAuthenticate" classname="api.test.AuthenticateTests" time="1.717">
    <system-out><![CDATA[HTTP/1.1 200 
Vary: Origin
Vary: Access-Control-Request-Method
Vary: Access-Control-Request-Headers
X-Content-Type-Options: nosniff
X-XSS-Protection: 1; mode=block
Cache-Control: no-cache, no-store, max-age=0, must-revalidate
Pragma: no-cache
Expires: 0
Strict-Transport-Security: max-age=31536000 ; includeSubDomains
X-Frame-Options: DENY
Content-Type: application/json
Transfer-Encoding: chunked
Date: Fri, 12 May 2023 11:00:38 GMT
Keep-Alive: timeout=60
Connection: keep-alive

{
    "token": "eyJhbGciOiJIUzI1NiJ9.eyJzdWIiOiJhZG1pbiIsImlhdCI6MTY4Mzg4OTIzOCwiZXhwIjoxNjgzODkyODM4fQ.LJFGSnvBVYoyD7wrKDom8AIuul_57GSFM152BjHz27Q"
}
HTTP/1.1 200 
Vary: Origin
Vary: Access-Control-Request-Method
Vary: Access-Control-Request-Headers
X-Content-Type-Options: nosniff
X-XSS-Protection: 1; mode=block
Cache-Control: no-cache, no-store, max-age=0, must-revalidate
Pragma: no-cache
Expires: 0
Strict-Transport-Security: max-age=31536000 ; includeSubDomains
X-Frame-Options: DENY
Content-Type: application/json
Transfer-Encoding: chunked
Date: Fri, 12 May 2023 11:00:38 GMT
Keep-Alive: timeout=60
Connection: keep-alive

[
    {
        "id": 1,
        "name": "Resident Evil 4",
        "releaseDate": "2005-10-01 23:59:59",
        "reviewScore": 85,
        "category": "Shooter",
        "rating": "Universal"
    },
    {
        "id": 2,
        "name": "Gran Turismo 3",
        "releaseDate": "2001-03-10 23:59:59",
        "reviewScore": 91,
        "category": "Driving",
        "rating": "Universal"
    },
    {
        "id": 3,
        "name": "Tetris",
        "releaseDate": "1984-06-25 23:59:59",
        "reviewScore": 88,
        "category": "Puzzle",
        "rating": "Universal"
    },
    {
        "id": 4,
        "name": "Super Mario 64",
        "releaseDate": "1996-10-20 23:59:59",
        "reviewScore": 90,
        "category": "Platform",
        "rating": "Universal"
    },
    {
        "id": 5,
        "name": "The Legend of Zelda: Ocarina of Time",
        "releaseDate": "1998-12-10 23:59:59",
        "reviewScore": 93,
        "category": "Adventure",
        "rating": "PG-13"
    },
    {
        "id": 6,
        "name": "Doom",
        "releaseDate": "1993-02-18 23:59:59",
        "reviewScore": 81,
        "category": "Shooter",
        "rating": "Mature"
    },
    {
        "id": 7,
        "name": "Minecraft",
        "releaseDate": "2011-12-05 23:59:59",
        "reviewScore": 77,
        "category": "Puzzle",
        "rating": "Universal"
    },
    {
        "id": 8,
        "name": "SimCity 2000",
        "releaseDate": "1994-09-11 23:59:59",
        "reviewScore": 88,
        "category": "Strategy",
        "rating": "Universal"
    },
    {
        "id": 9,
        "name": "Final Fantasy VII",
        "releaseDate": "1997-08-20 23:59:59",
        "reviewScore": 97,
        "category": "RPG",
        "rating": "PG-13"
    },
    {
        "id": 10,
        "name": "Grand Theft Auto III",
        "releaseDate": "2001-04-23 23:59:59",
        "reviewScore": 90,
        "category": "Driving",
        "rating": "Mature"
    }
]
HTTP/1.1 200 
Vary: Origin
Vary: Access-Control-Request-Method
Vary: Access-Control-Request-Headers
X-Content-Type-Options: nosniff
X-XSS-Protection: 1; mode=block
Cache-Control: no-cache, no-store, max-age=0, must-revalidate
Pragma: no-cache
Expires: 0
Strict-Transport-Security: max-age=31536000 ; includeSubDomains
X-Frame-Options: DENY
Content-Type: application/json
Transfer-Encoding: chunked
Date: Fri, 12 May 2023 11:00:38 GMT
Keep-Alive: timeout=60
Connection: keep-alive

[
    {
        "id": 1,
        "name": "Resident Evil 4",
        "releaseDate": "2005-10-01 23:59:59",
        "reviewScore": 85,
        "category": "Shooter",
        "rating": "Universal"
    },
    {
        "id": 2,
        "name": "Gran Turismo 3",
        "releaseDate": "2001-03-10 23:59:59",
        "reviewScore": 91,
        "category": "Driving",
        "rating": "Universal"
    },
    {
        "id": 3,
        "name": "Tetris",
        "releaseDate": "1984-06-25 23:59:59",
        "reviewScore": 88,
        "category": "Puzzle",
        "rating": "Universal"
    },
    {
        "id": 4,
        "name": "Super Mario 64",
        "releaseDate": "1996-10-20 23:59:59",
        "reviewScore": 90,
        "category": "Platform",
        "rating": "Universal"
    },
    {
        "id": 5,
        "name": "The Legend of Zelda: Ocarina of Time",
        "releaseDate": "1998-12-10 23:59:59",
        "reviewScore": 93,
        "category": "Adventure",
        "rating": "PG-13"
    },
    {
        "id": 6,
        "name": "Doom",
        "releaseDate": "1993-02-18 23:59:59",
        "reviewScore": 81,
        "category": "Shooter",
        "rating": "Mature"
    },
    {
        "id": 7,
        "name": "Minecraft",
        "releaseDate": "2011-12-05 23:59:59",
        "reviewScore": 77,
        "category": "Puzzle",
        "rating": "Universal"
    },
    {
        "id": 8,
        "name": "SimCity 2000",
        "releaseDate": "1994-09-11 23:59:59",
        "reviewScore": 88,
        "category": "Strategy",
        "rating": "Universal"
    },
    {
        "id": 9,
        "name": "Final Fantasy VII",
        "releaseDate": "1997-08-20 23:59:59",
        "reviewScore": 97,
        "category": "RPG",
        "rating": "PG-13"
    },
    {
        "id": 10,
        "name": "Grand Theft Auto III",
        "releaseDate": "2001-04-23 23:59:59",
        "reviewScore": 90,
        "category": "Driving",
        "rating": "Mature"
    }
]
]]></system-out>
    <system-err><![CDATA[SLF4J: Failed to load class "org.slf4j.impl.StaticLoggerBinder".
SLF4J: Defaulting to no-operation (NOP) logger implementation
SLF4J: See http://www.slf4j.org/codes.html#StaticLoggerBinder for further details.
]]></system-err>
  </testcase>
  <testcase name="getV2" classname="api.test.VideoGameControllerV2Tests" time="1.719"/>
  <testcase name="GetwithIdV2" classname="api.test.VideoGameControllerV2Tests" time="0.723">
    <system-out><![CDATA[HTTP/1.1 200 
Vary: Origin
Vary: Access-Control-Request-Method
Vary: Access-Control-Request-Headers
X-Content-Type-Options: nosniff
X-XSS-Protection: 1; mode=block
Cache-Control: no-cache, no-store, max-age=0, must-revalidate
Pragma: no-cache
Expires: 0
Strict-Transport-Security: max-age=31536000 ; includeSubDomains
X-Frame-Options: DENY
Content-Type: application/json
Transfer-Encoding: chunked
Date: Fri, 12 May 2023 11:00:38 GMT
Keep-Alive: timeout=60
Connection: keep-alive

{
    "id": 7,
    "name": "Minecraft",
    "releaseDate": "2011-12-05 23:59:59",
    "reviewScore": 77,
    "category": "Puzzle",
    "rating": "Universal"
}
]]></system-out>
  </testcase>
  <testcase name="postV2" classname="api.test.VideoGameControllerV2Tests" time="0">
    <system-out><![CDATA[HTTP/1.1 200 
Vary: Origin
Vary: Access-Control-Request-Method
Vary: Access-Control-Request-Headers
X-Content-Type-Options: nosniff
X-XSS-Protection: 1; mode=block
Cache-Control: no-cache, no-store, max-age=0, must-revalidate
Pragma: no-cache
Expires: 0
Strict-Transport-Security: max-age=31536000 ; includeSubDomains
X-Frame-Options: DENY
Content-Type: application/json
Transfer-Encoding: chunked
Date: Fri, 12 May 2023 11:00:38 GMT
Keep-Alive: timeout=60
Connection: keep-alive

{
    "id": 0,
    "name": "Mario",
    "releaseDate": "2012-05-04",
    "reviewScore": 85,
    "category": "Platform",
    "rating": "Mature"
}
]]></system-out>
  </testcase>
  <testcase name="updateV2" classname="api.test.VideoGameControllerV2Tests" time="0.682">
    <system-out><![CDATA[HTTP/1.1 200 
Vary: Origin
Vary: Access-Control-Request-Method
Vary: Access-Control-Request-Headers
X-Content-Type-Options: nosniff
X-XSS-Protection: 1; mode=block
Cache-Control: no-cache, no-store, max-age=0, must-revalidate
Pragma: no-cache
Expires: 0
Strict-Transport-Security: max-age=31536000 ; includeSubDomains
X-Frame-Options: DENY
Content-Type: application/json
Transfer-Encoding: chunked
Date: Fri, 12 May 2023 11:00:39 GMT
Keep-Alive: timeout=60
Connection: keep-alive

{
    "id": 5,
    "name": "Rambabu s/w mutyam",
    "releaseDate": "2012-05-04",
    "reviewScore": 85,
    "category": "Platform",
    "rating": "Mature"
}
]]></system-out>
  </testcase>
  <testcase name="deleteV2" classname="api.test.VideoGameControllerV2Tests" time="0.702">
    <system-out><![CDATA[HTTP/1.1 200 
Vary: Origin
Vary: Access-Control-Request-Method
Vary: Access-Control-Request-Headers
X-Content-Type-Options: nosniff
X-XSS-Protection: 1; mode=block
Cache-Control: no-cache, no-store, max-age=0, must-revalidate
Pragma: no-cache
Expires: 0
Strict-Transport-Security: max-age=31536000 ; includeSubDomains
X-Frame-Options: DENY
Content-Type: text/plain;charset=UTF-8
Content-Length: 18
Date: Fri, 12 May 2023 11:00:39 GMT
Keep-Alive: timeout=60
Connection: keep-alive

Video game deleted
]]></system-out>
  </testcase>
  <testcase name="GetUser" classname="api.test.VideoGameControllerTests" time="1.719"/>
  <testcase name="GetIdUser" classname="api.test.VideoGameControllerTests" time="0.002">
    <system-out><![CDATA[HTTP/1.1 200 
Vary: Origin
Vary: Access-Control-Request-Method
Vary: Access-Control-Request-Headers
X-Content-Type-Options: nosniff
X-XSS-Protection: 1; mode=block
Cache-Control: no-cache, no-store, max-age=0, must-revalidate
Pragma: no-cache
Expires: 0
Strict-Transport-Security: max-age=31536000 ; includeSubDomains
X-Frame-Options: DENY
Content-Type: application/json
Transfer-Encoding: chunked
Date: Fri, 12 May 2023 11:00:38 GMT
Keep-Alive: timeout=60
Connection: keep-alive

{
    "id": 2,
    "name": "Gran Turismo 3",
    "releaseDate": "2001-03-10 23:59:59",
    "reviewScore": 91,
    "category": "Driving",
    "rating": "Universal"
}
]]></system-out>
  </testcase>
  <testcase name="PostUser" classname="api.test.VideoGameControllerTests" time="0.41">
    <system-out><![CDATA[HTTP/1.1 200 
Vary: Origin
Vary: Access-Control-Request-Method
Vary: Access-Control-Request-Headers
X-Content-Type-Options: nosniff
X-XSS-Protection: 1; mode=block
Cache-Control: no-cache, no-store, max-age=0, must-revalidate
Pragma: no-cache
Expires: 0
Strict-Transport-Security: max-age=31536000 ; includeSubDomains
X-Frame-Options: DENY
Content-Type: application/json
Transfer-Encoding: chunked
Date: Fri, 12 May 2023 11:00:39 GMT
Keep-Alive: timeout=60
Connection: keep-alive

{
    "id": 0,
    "name": "Quality Testing",
    "releaseDate": "2012-05-04",
    "reviewScore": 85,
    "category": "Platform",
    "rating": "Mature"
}
]]></system-out>
  </testcase>
  <testcase name="deleteUser" classname="api.test.VideoGameControllerTests" time="0.947">
    <system-out><![CDATA[HTTP/1.1 200 
Vary: Origin
Vary: Access-Control-Request-Method
Vary: Access-Control-Request-Headers
X-Content-Type-Options: nosniff
X-XSS-Protection: 1; mode=block
Cache-Control: no-cache, no-store, max-age=0, must-revalidate
Pragma: no-cache
Expires: 0
Strict-Transport-Security: max-age=31536000 ; includeSubDomains
X-Frame-Options: DENY
Content-Type: text/plain;charset=UTF-8
Content-Length: 18
Date: Fri, 12 May 2023 11:00:39 GMT
Keep-Alive: timeout=60
Connection: keep-alive

Video game deleted
]]></system-out>
  </testcase>
  <testcase name="updateUser" classname="api.test.VideoGameControllerTests" time="0.95">
    <system-out><![CDATA[HTTP/1.1 200 
Vary: Origin
Vary: Access-Control-Request-Method
Vary: Access-Control-Request-Headers
X-Content-Type-Options: nosniff
X-XSS-Protection: 1; mode=block
Cache-Control: no-cache, no-store, max-age=0, must-revalidate
Pragma: no-cache
Expires: 0
Strict-Transport-Security: max-age=31536000 ; includeSubDomains
X-Frame-Options: DENY
Content-Type: application/json
Transfer-Encoding: chunked
Date: Fri, 12 May 2023 11:00:39 GMT
Keep-Alive: timeout=60
Connection: keep-alive

{
    "id": 1,
    "name": "Quality Testing",
    "releaseDate": "2012-05-04",
    "reviewScore": 85,
    "category": "Platform",
    "rating": "Mature"
}
]]></system-out>
  </testcase>
</testsuite>