<?xml version="1.0" encoding="UTF-8"?>
<testng-results ignored="0" total="11" passed="11" failed="0" skipped="0">
  <reporter-output>
  </reporter-output>
  <suite started-at="2023-05-12T16:30:34 IST" name="ApiWithOutBdd" finished-at="2023-05-12T16:30:40 IST" duration-ms="6454">
    <groups>
    </groups>
    <test started-at="2023-05-12T16:30:34 IST" name="swaggerTest" finished-at="2023-05-12T16:30:40 IST" duration-ms="6454">
      <class name="api.test.AuthenticateTests">
        <test-method is-config="true" signature="setupdata()[pri:0, instance:api.test.AuthenticateTests@7161d8d1]" started-at="2023-05-12T16:30:34 IST" name="setupdata" finished-at="2023-05-12T16:30:36 IST" duration-ms="1825" status="PASS">
          <reporter-output>
          </reporter-output>
        </test-method> <!-- setupdata -->
        <test-method signature="testPostAuthenticate()[pri:1, instance:api.test.AuthenticateTests@7161d8d1]" started-at="2023-05-12T16:30:36 IST" name="testPostAuthenticate" finished-at="2023-05-12T16:30:38 IST" duration-ms="1685" status="PASS">
          <reporter-output>
          </reporter-output>
        </test-method> <!-- testPostAuthenticate -->
      </class> <!-- api.test.AuthenticateTests -->
      <class name="api.test.VideoGameControllerV2Tests">
        <test-method is-config="true" signature="setupdata()[pri:0, instance:api.test.VideoGameControllerV2Tests@4be29ed9]" started-at="2023-05-12T16:30:34 IST" name="setupdata" finished-at="2023-05-12T16:30:35 IST" duration-ms="443" status="PASS">
          <reporter-output>
          </reporter-output>
        </test-method> <!-- setupdata -->
        <test-method signature="getV2()[pri:1, instance:api.test.VideoGameControllerV2Tests@4be29ed9]" started-at="2023-05-12T16:30:35 IST" name="getV2" finished-at="2023-05-12T16:30:38 IST" duration-ms="3057" status="PASS">
          <reporter-output>
          </reporter-output>
        </test-method> <!-- getV2 -->
        <test-method signature="postV2()[pri:2, instance:api.test.VideoGameControllerV2Tests@4be29ed9]" started-at="2023-05-12T16:30:38 IST" name="postV2" finished-at="2023-05-12T16:30:39 IST" duration-ms="722" status="PASS">
          <reporter-output>
          </reporter-output>
        </test-method> <!-- postV2 -->
        <test-method signature="GetwithIdV2()[pri:3, instance:api.test.VideoGameControllerV2Tests@4be29ed9]" started-at="2023-05-12T16:30:38 IST" name="GetwithIdV2" finished-at="2023-05-12T16:30:39 IST" duration-ms="711" status="PASS">
          <reporter-output>
          </reporter-output>
        </test-method> <!-- GetwithIdV2 -->
        <test-method signature="updateV2()[pri:4, instance:api.test.VideoGameControllerV2Tests@4be29ed9]" started-at="2023-05-12T16:30:39 IST" name="updateV2" finished-at="2023-05-12T16:30:39 IST" duration-ms="695" status="PASS">
          <reporter-output>
          </reporter-output>
        </test-method> <!-- updateV2 -->
        <test-method signature="deleteV2()[pri:5, instance:api.test.VideoGameControllerV2Tests@4be29ed9]" started-at="2023-05-12T16:30:39 IST" name="deleteV2" finished-at="2023-05-12T16:30:40 IST" duration-ms="696" status="PASS">
          <reporter-output>
          </reporter-output>
        </test-method> <!-- deleteV2 -->
      </class> <!-- api.test.VideoGameControllerV2Tests -->
      <class name="api.test.VideoGameControllerTests">
        <test-method is-config="true" signature="setupdata()[pri:0, instance:api.test.VideoGameControllerTests@3a7442c7]" started-at="2023-05-12T16:30:34 IST" name="setupdata" finished-at="2023-05-12T16:30:35 IST" duration-ms="443" status="PASS">
          <reporter-output>
          </reporter-output>
        </test-method> <!-- setupdata -->
        <test-method signature="GetUser()[pri:1, instance:api.test.VideoGameControllerTests@3a7442c7]" started-at="2023-05-12T16:30:35 IST" name="GetUser" finished-at="2023-05-12T16:30:38 IST" duration-ms="3057" status="PASS">
          <reporter-output>
          </reporter-output>
        </test-method> <!-- GetUser -->
        <test-method signature="PostUser()[pri:2, instance:api.test.VideoGameControllerTests@3a7442c7]" started-at="2023-05-12T16:30:35 IST" name="PostUser" finished-at="2023-05-12T16:30:40 IST" duration-ms="4916" status="PASS">
          <reporter-output>
          </reporter-output>
        </test-method> <!-- PostUser -->
        <test-method signature="GetIdUser()[pri:3, instance:api.test.VideoGameControllerTests@3a7442c7]" started-at="2023-05-12T16:30:38 IST" name="GetIdUser" finished-at="2023-05-12T16:30:39 IST" duration-ms="720" status="PASS">
          <reporter-output>
          </reporter-output>
        </test-method> <!-- GetIdUser -->
        <test-method signature="updateUser()[pri:4, instance:api.test.VideoGameControllerTests@3a7442c7]" started-at="2023-05-12T16:30:39 IST" name="updateUser" finished-at="2023-05-12T16:30:40 IST" duration-ms="1643" status="PASS">
          <reporter-output>
          </reporter-output>
        </test-method> <!-- updateUser -->
        <test-method signature="deleteUser()[pri:5, instance:api.test.VideoGameControllerTests@3a7442c7]" started-at="2023-05-12T16:30:39 IST" name="deleteUser" finished-at="2023-05-12T16:30:40 IST" duration-ms="1636" status="PASS">
          <reporter-output>
          </reporter-output>
        </test-method> <!-- deleteUser -->
      </class> <!-- api.test.VideoGameControllerTests -->
    </test> <!-- swaggerTest -->
  </suite> <!-- ApiWithOutBdd -->
</testng-results>
