<?xml version="1.0" encoding="UTF-8"?>
<!-- Generated by org.testng.reporters.JUnitXMLReporter -->
<testsuite ignored="0" hostname="Kari-Rambabu" failures="0" tests="11" name="swaggerTest" time="20.011" errors="0" timestamp="2023-05-09T10:08:46 IST">
  <testcase classname="api.test.AuthenticateTests" name="testPostAuthenticate" time="3.381"/>
  <testcase classname="api.test.VideoGameControllerTests" name="GetUser" time="1.128"/>
  <testcase classname="api.test.VideoGameControllerTests" name="PostUser" time="3.257"/>
  <testcase classname="api.test.VideoGameControllerTests" name="GetIdUser" time="0.856"/>
  <testcase classname="api.test.VideoGameControllerTests" name="updateUser" time="1.819"/>
  <testcase classname="api.test.VideoGameControllerTests" name="deleteUser" time="2.231"/>
  <testcase classname="api.test.VideoGameControllerV2Tests" name="getV2" time="0.825"/>
  <testcase classname="api.test.VideoGameControllerV2Tests" name="postV2" time="0.701"/>
  <testcase classname="api.test.VideoGameControllerV2Tests" name="GetwithIdV2" time="1.127"/>
  <testcase classname="api.test.VideoGameControllerV2Tests" name="updateV2" time="1.223"/>
  <testcase classname="api.test.VideoGameControllerV2Tests" name="deleteV2" time="1.022"/>
</testsuite> <!-- swaggerTest -->
