<?xml version="1.0" encoding="UTF-8"?>
<!-- Generated by org.testng.reporters.JUnitXMLReporter -->
<testsuite ignored="0" hostname="Kari-Rambabu" failures="0" tests="11" name="swaggerTest" time="6.454" errors="0" timestamp="2023-05-12T16:30:41 IST">
  <testcase classname="api.test.AuthenticateTests" name="testPostAuthenticate" time="1.685"/>
  <testcase classname="api.test.VideoGameControllerTests" name="GetUser" time="3.057"/>
  <testcase classname="api.test.VideoGameControllerV2Tests" name="getV2" time="3.057"/>
  <testcase classname="api.test.VideoGameControllerV2Tests" name="GetwithIdV2" time="0.711"/>
  <testcase classname="api.test.VideoGameControllerV2Tests" name="postV2" time="0.722"/>
  <testcase classname="api.test.VideoGameControllerTests" name="GetIdUser" time="0.72"/>
  <testcase classname="api.test.VideoGameControllerV2Tests" name="updateV2" time="0.695"/>
  <testcase classname="api.test.VideoGameControllerTests" name="PostUser" time="4.916"/>
  <testcase classname="api.test.VideoGameControllerV2Tests" name="deleteV2" time="0.696"/>
  <testcase classname="api.test.VideoGameControllerTests" name="deleteUser" time="1.636"/>
  <testcase classname="api.test.VideoGameControllerTests" name="updateUser" time="1.643"/>
</testsuite> <!-- swaggerTest -->
