<?xml version="1.0" encoding="UTF-8"?>
<!-- Generated by org.testng.reporters.JUnitReportReporter -->
<testsuite hostname="Kari-Rambabu" failures="0" tests="5" name="api.test.VideoGamesControllerV2Tests" time="6.935" errors="0" timestamp="2023-04-29T18:49:01 IST" skipped="0">
  <testcase classname="api.test.VideoGamesControllerV2Tests" name="getV2" time="2.997"/>
  <system-out/>
  <testcase classname="api.test.VideoGamesControllerV2Tests" name="postV2" time="1.307"/>
  <system-out/>
  <testcase classname="api.test.VideoGamesControllerV2Tests" name="GetwithIdV2" time="0.919"/>
  <system-out/>
  <testcase classname="api.test.VideoGamesControllerV2Tests" name="updateV2" time="0.814"/>
  <system-out/>
  <testcase classname="api.test.VideoGamesControllerV2Tests" name="deleteV2" time="0.898"/>
  <system-out/>
</testsuite> <!-- api.test.VideoGamesControllerV2Tests -->
