<?xml version="1.0" encoding="UTF-8"?>
<!-- Generated by org.testng.reporters.JUnitReportReporter -->
<testsuite hostname="Kari-Rambabu" failures="0" tests="5" name="api.test.VideoGameControllerTests" time="9.291" errors="0" timestamp="2023-05-09T10:08:46 IST" skipped="0">
  <testcase classname="api.test.VideoGameControllerTests" name="GetUser" time="1.128"/>
  <system-out/>
  <testcase classname="api.test.VideoGameControllerTests" name="PostUser" time="3.257"/>
  <system-out/>
  <testcase classname="api.test.VideoGameControllerTests" name="GetIdUser" time="0.856"/>
  <system-out/>
  <testcase classname="api.test.VideoGameControllerTests" name="updateUser" time="1.819"/>
  <system-out/>
  <testcase classname="api.test.VideoGameControllerTests" name="deleteUser" time="2.231"/>
  <system-out/>
</testsuite> <!-- api.test.VideoGameControllerTests -->
