<?xml version="1.0" encoding="UTF-8"?>
<!-- Generated by org.testng.reporters.JUnitReportReporter -->
<testsuite hostname="Kari-Rambabu" failures="0" tests="5" name="api.test.VideoGameControllerV2Tests" time="4.898" errors="0" timestamp="2023-05-09T10:08:46 IST" skipped="0">
  <testcase classname="api.test.VideoGameControllerV2Tests" name="getV2" time="0.825"/>
  <system-out/>
  <testcase classname="api.test.VideoGameControllerV2Tests" name="postV2" time="0.701"/>
  <system-out/>
  <testcase classname="api.test.VideoGameControllerV2Tests" name="GetwithIdV2" time="1.127"/>
  <system-out/>
  <testcase classname="api.test.VideoGameControllerV2Tests" name="updateV2" time="1.223"/>
  <system-out/>
  <testcase classname="api.test.VideoGameControllerV2Tests" name="deleteV2" time="1.022"/>
  <system-out/>
</testsuite> <!-- api.test.VideoGameControllerV2Tests -->
