<?xml version="1.0" encoding="UTF-8"?>
<!-- Generated by org.testng.reporters.JUnitReportReporter -->
<testsuite hostname="Kari-Rambabu" failures="0" tests="5" name="api.test.VideoGameControllerTests" time="11.972" errors="0" timestamp="2023-05-12T16:30:41 IST" skipped="0">
  <testcase classname="api.test.VideoGameControllerTests" name="GetUser" time="3.057"/>
  <system-out/>
  <testcase classname="api.test.VideoGameControllerTests" name="PostUser" time="4.916"/>
  <system-out/>
  <testcase classname="api.test.VideoGameControllerTests" name="GetIdUser" time="0.720"/>
  <system-out/>
  <testcase classname="api.test.VideoGameControllerTests" name="updateUser" time="1.643"/>
  <system-out/>
  <testcase classname="api.test.VideoGameControllerTests" name="deleteUser" time="1.636"/>
  <system-out/>
</testsuite> <!-- api.test.VideoGameControllerTests -->
