<?xml version="1.0" encoding="UTF-8"?>
<!-- Generated by org.testng.reporters.JUnitReportReporter -->
<testsuite hostname="Kari-Rambabu" failures="0" tests="5" name="api.test.VideoGameControllerV2Tests" time="5.881" errors="0" timestamp="2023-05-12T16:30:41 IST" skipped="0">
  <testcase classname="api.test.VideoGameControllerV2Tests" name="getV2" time="3.057"/>
  <system-out/>
  <testcase classname="api.test.VideoGameControllerV2Tests" name="postV2" time="0.722"/>
  <system-out/>
  <testcase classname="api.test.VideoGameControllerV2Tests" name="GetwithIdV2" time="0.711"/>
  <system-out/>
  <testcase classname="api.test.VideoGameControllerV2Tests" name="updateV2" time="0.695"/>
  <system-out/>
  <testcase classname="api.test.VideoGameControllerV2Tests" name="deleteV2" time="0.696"/>
  <system-out/>
</testsuite> <!-- api.test.VideoGameControllerV2Tests -->
